Compiling the C compiler identification source file "CMakeCCompilerId.c" failed.
Compiler: C:/Bocop-2.2.1/MinGW/bin/gcc.exe 
Build flags: 
Id flags:  

The output was:
1
gcc.exe: error: CMakeCCompilerId.c: No such file or directory
gcc.exe: fatal error: no input files
compilation terminated.


The CXX compiler identification could not be found in "C:/Bocop-2.2.1/Labs/Lab1/ex641/build/CMakeFiles/3.10.0-rc3/CompilerIdCXX/a.exe"

Detecting CXX compiler ABI info failed to compile with the following output:
Change Dir: C:/Bocop-2.2.1/Labs/Lab1/ex641/build/CMakeFiles/CMakeTmp

Run Build Command:"C:/Bocop-2.2.1/MinGW/msys/1.0/bin/make.exe" "cmTC_97467/fast"
/usr/bin/make -f CMakeFiles/cmTC_97467.dir/build.make CMakeFiles/cmTC_97467.dir/build
make[1]: Entering directory `/c/Bocop-2.2.1/Labs/Lab1/ex641/build/CMakeFiles/CMakeTmp'
Building CXX object CMakeFiles/cmTC_97467.dir/CMakeCXXCompilerABI.cpp.obj
/C/Bocop-2.2.1/MinGW/bin/g++.exe     -o CMakeFiles/cmTC_97467.dir/CMakeCXXCompilerABI.cpp.obj -c "/C/Program Files (x86)/CMake/share/cmake-3.10/Modules/CMakeCXXCompilerABI.cpp"
Linking CXX executable cmTC_97467.exe
"/C/Program Files (x86)/CMake/bin/cmake.exe" -E remove -f CMakeFiles/cmTC_97467.dir/objects.a
/C/Bocop-2.2.1/MinGW/bin/ar.exe cr CMakeFiles/cmTC_97467.dir/objects.a @CMakeFiles/cmTC_97467.dir/objects1.rsp
/C/Bocop-2.2.1/MinGW/bin/g++.exe     -v -Wl,--whole-archive CMakeFiles/cmTC_97467.dir/objects.a -Wl,--no-whole-archive  -o cmTC_97467.exe -Wl,--out-implib,libcmTC_97467.dll.a -Wl,--major-image-version,0,--minor-image-version,0 
Using built-in specs.
COLLECT_GCC=c:\Bocop-2.2.1\MinGW\bin\g++.exe
COLLECT_LTO_WRAPPER=c:/bocop-2.2.1/mingw/bin/../libexec/gcc/mingw32/6.3.0/lto-wrapper.exe
Target: mingw32
Configured with: ../src/gcc-6.3.0/configure --build=x86_64-pc-linux-gnu --host=mingw32 --with-gmp=/mingw --with-mpfr=/mingw --with-mpc=/mingw --with-isl=/mingw --prefix=/mingw --disable-win32-registry --target=mingw32 --with-arch=i586 --enable-languages=c,c++,objc,obj-c++,fortran,ada --with-pkgversion='MinGW.org GCC-6.3.0-1' --enable-static --enable-shared --enable-threads --with-dwarf2 --disable-sjlj-exceptions --enable-version-specific-runtime-libs --with-libiconv-prefix=/mingw --with-libintl-prefix=/mingw --enable-libstdcxx-debug --with-tune=generic --enable-libgomp --disable-libvtv --enable-nls
Thread model: win32
gcc version 6.3.0 (MinGW.org GCC-6.3.0-1) 
COMPILER_PATH=c:/bocop-2.2.1/mingw/bin/../libexec/gcc/mingw32/6.3.0/;c:/bocop-2.2.1/mingw/bin/../libexec/gcc/;c:/bocop-2.2.1/mingw/bin/../lib/gcc/mingw32/6.3.0/../../../../mingw32/bin/
LIBRARY_PATH=c:/bocop-2.2.1/mingw/bin/../lib/gcc/mingw32/6.3.0/;c:/bocop-2.2.1/mingw/bin/../lib/gcc/;c:/bocop-2.2.1/mingw/bin/../lib/gcc/mingw32/6.3.0/../../../../mingw32/lib/;c:/bocop-2.2.1/mingw/bin/../lib/gcc/mingw32/6.3.0/../../../
COLLECT_GCC_OPTIONS='-v' '-o' 'cmTC_97467.exe' '-shared-libgcc' '-mtune=generic' '-march=i586'
 c:/bocop-2.2.1/mingw/bin/../libexec/gcc/mingw32/6.3.0/collect2.exe -plugin c:/bocop-2.2.1/mingw/bin/../libexec/gcc/mingw32/6.3.0/liblto_plugin-0.dll -plugin-opt=c:/bocop-2.2.1/mingw/bin/../libexec/gcc/mingw32/6.3.0/lto-wrapper.exe -plugin-opt=-fresolution=C:\Users\DIEGOO~1\AppData\Local\Temp\ccGmRjVZ.res -plugin-opt=-pass-through=-lmingw32 -plugin-opt=-pass-through=-lgcc_s -plugin-opt=-pass-through=-lgcc -plugin-opt=-pass-through=-lmoldname -plugin-opt=-pass-through=-lmingwex -plugin-opt=-pass-through=-lmsvcrt -plugin-opt=-pass-through=-ladvapi32 -plugin-opt=-pass-through=-lshell32 -plugin-opt=-pass-through=-luser32 -plugin-opt=-pass-through=-lkernel32 -plugin-opt=-pass-through=-lmingw32 -plugin-opt=-pass-through=-lgcc_s -plugin-opt=-pass-through=-lgcc -plugin-opt=-pass-through=-lmoldname -plugin-opt=-pass-through=-lmingwex -plugin-opt=-pass-through=-lmsvcrt -Bdynamic -u ___register_frame_info -u ___deregister_frame_info -o cmTC_97467.exe c:/bocop-2.2.1/mingw/bin/../lib/gcc/mingw32/6.3.0/../../../crt2.o c:/bocop-2.2.1/mingw/bin/../lib/gcc/mingw32/6.3.0/crtbegin.o -Lc:/bocop-2.2.1/mingw/bin/../lib/gcc/mingw32/6.3.0 -Lc:/bocop-2.2.1/mingw/bin/../lib/gcc -Lc:/bocop-2.2.1/mingw/bin/../lib/gcc/mingw32/6.3.0/../../../../mingw32/lib -Lc:/bocop-2.2.1/mingw/bin/../lib/gcc/mingw32/6.3.0/../../.. --whole-archive CMakeFiles/cmTC_97467.dir/objects.a --no-whole-archive --out-implib libcmTC_97467.dll.a --major-image-version 0 --minor-image-version 0 -lstdc++ -lmingw32 -lgcc_s -lgcc -lmoldname -lmingwex -lmsvcrt -ladvapi32 -lshell32 -luser32 -lkernel32 -lmingw32 -lgcc_s -lgcc -lmoldname -lmingwex -lmsvcrt c:/bocop-2.2.1/mingw/bin/../lib/gcc/mingw32/6.3.0/crtend.o
COLLECT_GCC_OPTIONS='-v' '-o' 'cmTC_97467.exe' '-shared-libgcc' '-mtune=generic' '-march=i586'
make[1]: Leaving directory `/c/Bocop-2.2.1/Labs/Lab1/ex641/build/CMakeFiles/CMakeTmp'

Cannot copy output executable
  'C:/Bocop-2.2.1/Labs/Lab1/ex641/build/CMakeFiles/CMakeTmp/cmTC_97467.exe'
to destination specified by COPY_FILE:
  'C:/Bocop-2.2.1/Labs/Lab1/ex641/build/CMakeFiles/3.10.0-rc3/CMakeDetermineCompilerABI_CXX.bin'


