
******************************************************************************
This program contains Ipopt, a library for large-scale nonlinear optimization.
 Ipopt is released as open source code under the Eclipse Public License (EPL).
         For more information visit http://projects.coin-or.org/Ipopt
******************************************************************************

This is Ipopt version 3.12.12, running with linear solver mumps.
NOTE: Other linear solvers might be more efficient (see Ipopt documentation).

Number of nonzeros in equality constraint Jacobian...:     5104
Number of nonzeros in inequality constraint Jacobian.:     1400
Number of nonzeros in Lagrangian Hessian.............:     6201

Total number of variables............................:     1104
                     variables with only lower bounds:      304
                variables with lower and upper bounds:      200
                     variables with only upper bounds:        0
Total number of equality constraints.................:      904
Total number of inequality constraints...............:      200
        inequality constraints with only lower bounds:        0
   inequality constraints with lower and upper bounds:        0
        inequality constraints with only upper bounds:      200

iter    objective    inf_pr   inf_du lg(mu)  ||d||  lg(rg) alpha_du alpha_pr  ls
   0 -1.1923077e-001 2.22e+000 3.21e-002   0.0 0.00e+000    -  0.00e+000 0.00e+000   0
   1 -1.1148548e-001 9.60e+000 2.58e+002   1.6 1.23e+003    -  1.82e-002 6.53e-003f  1
   2 -1.1148213e+000 3.96e+002 4.30e+004  -0.1 7.42e+002    -  2.11e-002 5.42e-001f  1
   3 -1.7268764e+000 2.52e+002 2.03e+004   0.7 3.93e+002    -  1.00e+000 3.65e-001h  1
   4 -1.7484725e+000 2.49e+002 3.90e+004  -5.4 2.51e+002    -  5.19e-002 1.15e-002h  1
   5 -1.7331712e+000 2.47e+002 3.77e+004   1.9 1.73e+003    -  1.34e-002 5.99e-003f  1
   6 -1.6783057e+000 2.43e+002 5.35e+004   1.8 3.23e+002    -  1.13e-002 1.69e-002f  1
   7 -1.5632413e+000 2.33e+002 5.43e+004   1.6 2.46e+002    -  1.01e-001 4.21e-002f  1
   8 -1.4841652e+000 2.27e+002 6.41e+004   1.2 2.36e+002    -  7.31e-002 2.78e-002h  1
   9 -1.3826211e+000 2.22e+002 6.79e+004   2.2 2.34e+002    -  1.00e+000 2.00e-002h  1
iter    objective    inf_pr   inf_du lg(mu)  ||d||  lg(rg) alpha_du alpha_pr  ls
  10 -1.4227645e+000 2.19e+002 4.62e+006   2.6 2.23e+002    -  3.23e-002 1.19e-002h  1
  11 -1.2866138e+000 2.13e+002 1.81e+007   2.6 2.31e+002    -  2.70e-003 2.92e-002h  1
  12 -1.3339595e+000 2.11e+002 1.06e+007   2.6 2.59e+002    -  3.68e-002 7.62e-003h  1
  13 -1.3476021e+000 2.11e+002 1.14e+007   2.6 8.78e+003    -  8.92e-004 2.83e-004h  1
MUMPS returned INFO(1) = -9 and requires more memory, reallocating.  Attempt 1
  Increasing icntl[13] from 1000 to 2000.
MUMPS returned INFO(1) = -9 and requires more memory, reallocating.  Attempt 2
  Increasing icntl[13] from 2000 to 4000.
  14 -1.3185936e+000 2.11e+002 1.13e+008   2.6 3.62e+003    -  2.34e-003 7.26e-004h  1
MUMPS returned INFO(1) = -9 and requires more memory, reallocating.  Attempt 1
  Increasing icntl[13] from 4000 to 8000.
  15 -1.3809662e+000 2.10e+002 1.04e+009   2.6 1.63e+002    -  2.51e-002 3.13e-003h  1
  16 -9.2548924e-001 2.00e+002 1.16e+011   2.6 2.32e+002    -  1.00e-002 5.27e-002f  1
MUMPS returned INFO(1) = -9 and requires more memory, reallocating.  Attempt 1
  Increasing icntl[13] from 8000 to 16000.
  17 -1.5137386e+000 8.89e+001 2.02e+011   2.0 1.94e+002    -  1.00e+000 5.60e-001f  1
  18 -8.4838232e-001 5.29e+001 1.40e+011   2.6 9.25e+001    -  2.80e-001 4.16e-001h  1
  19 -5.4781356e-001 3.83e+001 3.00e+011   2.6 6.05e+001    -  1.89e-002 3.02e-001f  1
iter    objective    inf_pr   inf_du lg(mu)  ||d||  lg(rg) alpha_du alpha_pr  ls
  20 -5.9972527e-001 2.98e+001 2.08e+011   2.6 3.51e+001    -  4.14e-001 2.22e-001h  1
  21 -7.3789474e-001 4.97e-001 2.28e+011   2.6 2.83e+001    -  2.45e-001 9.90e-001h  1
  22 -7.0504320e-001 7.98e-002 2.77e+010   1.2 9.59e-001    -  1.00e+000 8.84e-001h  1
  23 -7.0470849e-001 7.36e-002 2.55e+010  -0.6 1.41e-001    -  1.00e+000 7.80e-002h  1
  24 -7.0470514e-001 7.35e-002 2.55e+010  -6.0 1.32e-001    -  3.48e-001 8.46e-004h  1
  25 -7.0470405e-001 7.35e-002 2.55e+010   2.0 4.25e+000    -  6.07e-006 5.19e-004f  1
  26 -7.0460306e-001 7.13e-002 2.47e+010   1.2 6.93e+000    -  2.18e-001 2.92e-002f  1
  27 -7.0449674e-001 6.85e-002 2.37e+010   1.9 6.79e+000    -  2.93e-002 4.02e-002f  1
  28 -7.0450123e-001 6.82e-002 2.37e+010   2.6 3.23e+000    -  3.10e-003 3.74e-003f  1
  29 -7.0445560e-001 6.71e-002 2.33e+010   1.8 6.00e+000    -  1.07e-001 1.63e-002f  1
iter    objective    inf_pr   inf_du lg(mu)  ||d||  lg(rg) alpha_du alpha_pr  ls
  30 -7.0420249e-001 5.98e-002 2.07e+010   2.0 6.82e+000    -  7.34e-002 1.09e-001f  1
  31 -7.0429750e-001 5.50e-002 1.91e+010   2.6 9.33e+000    -  1.11e-001 8.00e-002f  1
  32 -7.0459179e-001 3.97e-002 1.37e+010   2.6 4.89e+000    -  1.36e-001 2.81e-001f  1
  33 -7.0503609e-001 2.72e-002 9.29e+009   2.6 4.62e+000    -  1.58e-001 3.23e-001f  1
  34 -7.0495025e-001 8.59e-003 2.97e+009   2.2 1.66e+000    -  8.12e-001 6.82e-001f  1
  35 -7.0477597e-001 2.58e-005 1.80e+007   1.3 3.53e-001    -  8.05e-001 1.00e+000f  1
  36 -7.0477579e-001 3.08e-011 1.74e+007  -4.4 3.20e-004    -  9.90e-001 1.00e+000h  1
  37 -7.0478127e-001 3.95e-008 2.28e+005  -6.4 7.80e-003    -  9.87e-001 1.00e+000h  1
  38 -7.0627018e-001 1.74e-003 1.61e+005  -2.3 2.51e+000    -  4.20e-001 3.58e-001f  1
  39 -7.0803375e-001 3.19e-003 5.77e+004  -3.2 1.57e+000    -  7.78e-001 1.00e+000f  1
iter    objective    inf_pr   inf_du lg(mu)  ||d||  lg(rg) alpha_du alpha_pr  ls
  40 -7.1591857e-001 5.43e-002 2.82e+004  -3.1 7.79e+000    -  4.51e-001 7.08e-001f  1
  41 -7.2384579e-001 6.79e-002 1.89e+004  -3.0 1.78e+001    -  3.95e-001 3.29e-001f  1
  42 -7.3560674e-001 9.25e-002 1.17e+004  -3.0 1.35e+001    -  3.62e-001 4.00e-001f  1
  43 -7.4896229e-001 1.09e-001 7.65e+003  -3.0 1.87e+001    -  3.46e-001 3.14e-001f  1
  44 -7.6822556e-001 1.42e-001 5.26e+003  -3.0 2.10e+001    -  3.32e-001 2.99e-001f  1
  45 -7.9272334e-001 1.62e-001 3.59e+003  -3.0 2.28e+001    -  3.13e-001 2.80e-001f  1
  46 -8.2939301e-001 2.54e-001 5.65e+004  -2.6 3.41e+001    -  5.00e-001 1.91e-001f  1
  47 -9.0017840e-001 3.32e-001 2.99e+004  -3.0 1.88e+001    -  4.45e-001 3.83e-001f  1
  48 -9.7790426e-001 2.26e-001 1.07e+004  -3.0 1.80e+001    -  5.77e-001 3.68e-001f  1
  49 -1.0527802e+000 1.06e-001 6.74e+002  -3.5 8.51e+000    -  7.09e-001 6.78e-001h  1
iter    objective    inf_pr   inf_du lg(mu)  ||d||  lg(rg) alpha_du alpha_pr  ls
  50 -1.0983933e+000 1.37e-001 6.11e+003  -3.8 5.84e+000    -  1.00e+000 8.49e-001h  1
  51 -1.1127525e+000 1.02e-001 2.48e+003  -3.8 8.04e+000    -  1.00e+000 6.49e-001h  1
  52 -1.1225536e+000 5.17e-002 1.03e+003  -3.9 5.64e+000    -  1.00e+000 8.42e-001h  1
  53 -1.1344838e+000 3.60e-002 5.51e+002  -4.3 4.25e+000    -  1.00e+000 9.25e-001h  1
  54 -1.1399083e+000 2.60e-002 5.51e+002  -4.5 4.72e+000    -  1.00e+000 8.25e-001h  1
  55 -1.1430607e+000 1.92e-002 3.11e+002  -4.8 5.98e+000    -  1.00e+000 8.30e-001h  1
  56 -1.1447959e+000 9.99e-003 1.34e+002  -5.0 4.06e+000    -  1.00e+000 8.63e-001h  1
  57 -1.1459856e+000 6.33e-003 1.26e+002  -5.3 3.59e+000    -  1.00e+000 8.23e-001h  1
  58 -1.1467340e+000 7.67e-003 1.23e-003  -5.7 4.78e+000    -  1.00e+000 1.00e+000h  1
  59 -1.1470007e+000 1.18e-003 2.02e+001  -6.2 4.17e-001    -  1.00e+000 8.68e-001h  1
iter    objective    inf_pr   inf_du lg(mu)  ||d||  lg(rg) alpha_du alpha_pr  ls
  60 -1.1471051e+000 1.17e-004 4.07e+000  -6.5 6.17e-001    -  1.00e+000 9.29e-001h  1
  61 -1.1471476e+000 3.99e-005 8.80e+000  -7.5 1.95e-001    -  1.00e+000 7.06e-001h  1
  62 -1.1471650e+000 1.07e-006 2.16e-005  -7.5 6.10e-002    -  1.00e+000 1.00e+000h  1
  63 -1.1471688e+000 6.79e-006 3.17e-006  -8.0 4.07e-001    -  1.00e+000 1.00e+000h  1
  64 -1.1471702e+000 6.67e-007 8.58e-004  -8.6 1.30e-001    -  9.99e-001 1.00e+000h  1
  65 -1.1471706e+000 1.78e-007 4.60e-002 -10.0 4.69e-002    -  1.00e+000 8.18e-001h  1
  66 -1.1471707e+000 1.44e-010 1.36e-008  -9.8 1.93e-003    -  1.00e+000 1.00e+000h  1
  67 -1.1471707e+000 1.23e-010 2.04e-004 -14.3 1.79e-003    -  9.98e-001 9.85e-001h  1
  68 -1.1471707e+000 7.37e-014 1.42e-013 -14.3 2.59e-006    -  1.00e+000 1.00e+000h  1
  69 -1.1471707e+000 3.11e-014 2.40e-013 -14.3 3.51e-010    -  1.00e+000 1.00e+000h  1
iter    objective    inf_pr   inf_du lg(mu)  ||d||  lg(rg) alpha_du alpha_pr  ls
  70 -1.1471707e+000 6.71e-014 1.05e-013 -14.3 5.33e-012    -  1.00e+000 1.00e+000h  1
  71 -1.1471707e+000 2.66e-015 2.06e-014 -14.3 1.88e-012    -  1.00e+000 1.00e+000h  1
  72 -1.1471707e+000 5.82e-014 2.42e-014 -14.3 9.92e-013    -  1.00e+000 1.00e+000H  1
  73 -1.1471707e+000 1.84e-014 7.44e-014 -14.3 3.99e-013    -  1.00e+000 1.00e+000H  1
  74 -1.1471707e+000 1.67e-014 4.38e-014 -14.3 1.65e-013    -  1.00e+000 5.00e-001h  2
  75 -1.1471707e+000 5.15e-014 2.56e-013 -15.0 4.14e-008    -  1.00e+000 1.00e+000h  1
  76 -1.1471707e+000 6.62e-014 3.55e-013 -14.3 4.13e-008    -  1.00e+000 1.00e+000h  1
  77 -1.1471707e+000 1.82e-014 4.91e-014 -14.3 4.20e-011    -  1.00e+000 1.00e+000h  1
  78 -1.1471707e+000 5.46e-014 3.01e-013 -15.0 4.14e-008    -  1.00e+000 1.00e+000h  1
  79 -1.1471707e+000 6.88e-014 3.45e-013 -14.3 4.13e-008    -  1.00e+000 1.00e+000h  1
iter    objective    inf_pr   inf_du lg(mu)  ||d||  lg(rg) alpha_du alpha_pr  ls
  80 -1.1471707e+000 1.95e-014 5.27e-014 -14.3 4.20e-011    -  1.00e+000 1.00e+000h  1
  81 -1.1471707e+000 6.22e-015 1.80e-014 -14.3 1.71e-012    -  1.00e+000 1.00e+000h  1
  82 -1.1471707e+000 5.60e-014 2.24e-014 -14.3 3.50e-013    -  1.00e+000 1.00e+000H  1

Number of Iterations....: 82

                                   (scaled)                 (unscaled)
Objective...............: -1.1471707494515335e+000  -1.1471707494515335e+000
Dual infeasibility......:  2.2424683334994255e-014   2.2424683334994255e-014
Constraint violation....:  1.7763568394002505e-015   5.5955240441107890e-014
Complementarity.........:  5.0002308628398537e-015   5.0002308628398537e-015
Overall NLP error.......:  2.2424683334994255e-014   5.5955240441107890e-014


Number of objective function evaluations             = 89
Number of objective gradient evaluations             = 83
Number of equality constraint evaluations            = 89
Number of inequality constraint evaluations          = 89
Number of equality constraint Jacobian evaluations   = 83
Number of inequality constraint Jacobian evaluations = 83
Number of Lagrangian Hessian evaluations             = 82
Total CPU secs in IPOPT (w/o function evaluations)   =    139.037
Total CPU secs in NLP function evaluations           =      1.246

EXIT: Solved To Acceptable Level.
