
******************************************************************************
This program contains Ipopt, a library for large-scale nonlinear optimization.
 Ipopt is released as open source code under the Eclipse Public License (EPL).
         For more information visit http://projects.coin-or.org/Ipopt
******************************************************************************

This is Ipopt version 3.12.12, running with linear solver mumps.
NOTE: Other linear solvers might be more efficient (see Ipopt documentation).

Number of nonzeros in equality constraint Jacobian...:    33005
Number of nonzeros in inequality constraint Jacobian.:        1
Number of nonzeros in Lagrangian Hessian.............:        0

Total number of variables............................:    11005
                     variables with only lower bounds:        0
                variables with lower and upper bounds:     1000
                     variables with only upper bounds:        0
Total number of equality constraints.................:    10005
Total number of inequality constraints...............:        1
        inequality constraints with only lower bounds:        1
   inequality constraints with lower and upper bounds:        0
        inequality constraints with only upper bounds:        0

iter    objective    inf_pr   inf_du lg(mu)  ||d||  lg(rg) alpha_du alpha_pr  ls
   0 1.0000000e-001 1.20e+000 4.75e-004   0.0 0.00e+000    -  0.00e+000 0.00e+000   0
   1 2.4485657e-001 1.14e+000 1.49e+001  -2.2 1.00e+003    -  9.93e-001 6.03e-002h  1
   2 2.5448098e+000 8.88e-016 1.79e-008  -2.7 9.40e+002    -  1.00e+000 1.00e+000f  1
   3 2.5439399e+000 8.88e-016 1.76e-001  -4.7 7.79e-003    -  9.81e-001 1.00e+000f  1
   4 2.5248433e+000 1.14e-013 1.04e-003  -4.7 1.64e-001    -  9.99e-001 9.33e-001f  1
   5 2.5147737e+000 1.14e-013 2.26e-003  -5.3 1.55e-001    -  8.90e-001 9.46e-001f  1
   6 2.5116276e+000 1.14e-013 3.25e-003  -5.4 2.11e-001    -  9.47e-001 8.20e-001f  1
   7 2.5097178e+000 1.14e-013 1.62e-003  -5.7 2.03e-001    -  9.97e-001 8.80e-001f  1
   8 2.5085441e+000 1.14e-013 5.77e-004  -6.1 2.23e-001    -  1.00e+000 8.92e-001f  1
   9 2.5079858e+000 2.27e-013 1.84e-004  -6.5 2.26e-001    -  1.00e+000 9.04e-001f  1
iter    objective    inf_pr   inf_du lg(mu)  ||d||  lg(rg) alpha_du alpha_pr  ls
  10 2.5077548e+000 2.27e-013 5.99e-005  -6.9 2.25e-001    -  1.00e+000 9.13e-001f  1
  11 2.5076672e+000 1.14e-013 2.24e-005  -7.3 2.22e-001    -  9.96e-001 9.07e-001f  1
  12 2.5076271e+000 3.41e-013 2.40e-005  -8.3 2.01e-001    -  9.94e-001 7.92e-001f  1
  13 2.5076182e+000 3.41e-013 2.14e-007  -8.2 7.08e-002    -  9.97e-001 1.00e+000f  1
  14 2.5076120e+000 1.14e-013 2.55e-007 -10.3 1.33e-002    -  9.81e-001 1.00e+000f  1
  15 2.5076120e+000 8.88e-016 1.94e-010 -12.1 9.23e-004    -  1.00e+000 1.00e+000h  1
  16 2.5076120e+000 1.14e-013 1.11e-016 -14.3 2.31e-006    -  1.00e+000 1.00e+000h  1

Number of Iterations....: 16

                                   (scaled)                 (unscaled)
Objective...............:  2.5076119715557867e+000   2.5076119715557867e+000
Dual infeasibility......:  1.1102230246251565e-016   1.1102230246251565e-016
Constraint violation....:  5.6843418860808018e-015   1.1368683772161603e-013
Complementarity.........:  5.0100730711259806e-015   5.0100730711259806e-015
Overall NLP error.......:  5.6843418860808018e-015   1.1368683772161603e-013


Number of objective function evaluations             = 17
Number of objective gradient evaluations             = 17
Number of equality constraint evaluations            = 17
Number of inequality constraint evaluations          = 17
Number of equality constraint Jacobian evaluations   = 17
Number of inequality constraint Jacobian evaluations = 17
Number of Lagrangian Hessian evaluations             = 16
Total CPU secs in IPOPT (w/o function evaluations)   =      5.188
Total CPU secs in NLP function evaluations           =      0.260

EXIT: Optimal Solution Found.
