
******************************************************************************
This program contains Ipopt, a library for large-scale nonlinear optimization.
 Ipopt is released as open source code under the Eclipse Public License (EPL).
         For more information visit http://projects.coin-or.org/Ipopt
******************************************************************************

This is Ipopt version 3.12.12, running with linear solver mumps.
NOTE: Other linear solvers might be more efficient (see Ipopt documentation).

Number of nonzeros in equality constraint Jacobian...:     5104
Number of nonzeros in inequality constraint Jacobian.:     1400
Number of nonzeros in Lagrangian Hessian.............:     6201

Total number of variables............................:     1104
                     variables with only lower bounds:      304
                variables with lower and upper bounds:      200
                     variables with only upper bounds:        0
Total number of equality constraints.................:      904
Total number of inequality constraints...............:      200
        inequality constraints with only lower bounds:        0
   inequality constraints with lower and upper bounds:        0
        inequality constraints with only upper bounds:      200

iter    objective    inf_pr   inf_du lg(mu)  ||d||  lg(rg) alpha_du alpha_pr  ls
   0 -1.0000000e-001 2.22e+000 3.20e-002   0.0 0.00e+000    -  0.00e+000 0.00e+000   0
   1 -5.4777814e-002 1.15e+000 1.25e+002  -6.4 4.15e+000    -  4.37e-001 9.90e-001h  1
   2 -3.8131250e-002 1.10e+000 2.41e+002  -1.3 5.26e-001   0.0 9.98e-001 4.95e-001h  2
   3 -2.4329949e-002 3.69e+000 1.62e+003  -0.0 7.98e+001    -  1.29e-001 5.31e-002f  2
   4 -1.9489452e-002 2.40e+000 2.71e+003  -0.9 3.33e+001    -  9.63e-001 3.16e-001h  1
   5 -1.5986781e-002 3.47e+000 5.31e+003  -0.9 2.24e+002    -  1.00e+000 1.61e-001h  3
   6 -8.4448266e-003 9.90e+000 3.11e+003  -1.0 4.74e+001    -  1.00e+000 6.52e-001h  1
   7 -4.9819531e-003 1.37e+000 4.41e+001  -1.8 9.70e+000    -  1.00e+000 9.90e-001h  1
   8 -4.6968956e-003 1.67e-001 2.26e+000  -2.4 4.19e+000    -  1.00e+000 1.00e+000h  1
   9 -4.7561099e-003 1.60e-002 4.71e-002  -3.7 1.37e+000    -  1.00e+000 1.00e+000h  1
iter    objective    inf_pr   inf_du lg(mu)  ||d||  lg(rg) alpha_du alpha_pr  ls
  10 -9.5669704e-003 1.36e+001 1.79e-002  -3.9 2.76e+001    -  1.00e+000 1.00e+000h  1
  11 -1.8286567e-002 4.85e+000 2.71e-002  -4.2 6.02e+000    -  1.00e+000 1.00e+000h  1
  12 -2.3833419e-002 3.25e-001 2.35e-002  -4.4 4.16e+000    -  1.00e+000 1.00e+000h  1
  13 -2.4279082e-002 1.83e-001 5.14e-003  -5.2 9.37e-001    -  1.00e+000 1.00e+000h  1
  14 -2.4136293e-002 8.18e-002 3.09e-003  -5.7 9.51e-001    -  1.00e+000 1.00e+000h  1
  15 -2.4127042e-002 2.60e-002 1.27e-003  -5.5 1.27e+000    -  1.00e+000 1.00e+000h  1
  16 -2.4324287e-002 3.53e-002 1.35e+000  -6.3 9.55e-001    -  1.00e+000 9.96e-001h  1
  17 -2.4336093e-002 2.65e-002 7.39e-003  -6.6 1.76e+000    -  1.00e+000 1.00e+000h  1
  18 -2.4347713e-002 1.45e-002 2.41e-004  -7.3 1.73e+000    -  1.00e+000 1.00e+000h  1
  19 -2.4350365e-002 1.60e-003 2.11e-003  -8.0 4.48e-001    -  1.00e+000 1.00e+000h  1
iter    objective    inf_pr   inf_du lg(mu)  ||d||  lg(rg) alpha_du alpha_pr  ls
  20 -2.4350855e-002 3.20e-004 3.21e-006  -9.2 3.50e-001    -  1.00e+000 1.00e+000h  1
  21 -2.4350890e-002 4.06e-005 4.11e-007 -10.7 1.30e-001    -  1.00e+000 1.00e+000h  1
  22 -2.4350890e-002 1.96e-006 2.01e-008 -12.7 2.95e-002    -  1.00e+000 1.00e+000h  1
  23 -2.4350890e-002 8.23e-009 8.45e-011 -14.3 1.91e-003    -  1.00e+000 1.00e+000h  1
  24 -2.4350890e-002 1.35e-013 1.67e-014 -14.3 8.50e-006    -  1.00e+000 1.00e+000h  1
  25 -2.4350890e-002 1.24e-013 1.01e-014 -14.3 1.18e-010    -  1.00e+000 1.00e+000h  1
  26 -2.4350890e-002 1.27e-013 1.09e-014 -14.3 6.38e-011    -  1.00e+000 1.00e+000h  1
  27 -2.4350890e-002 9.78e-014 9.73e-015 -14.3 2.92e-011    -  1.00e+000 1.00e+000h  1

Number of Iterations....: 27

                                   (scaled)                 (unscaled)
Objective...............: -2.4350890213435689e-002  -2.4350890213435689e-002
Dual infeasibility......:  9.7323124063334299e-015   9.7323124063334299e-015
Constraint violation....:  6.8049701360483555e-016   9.7810648469476279e-014
Complementarity.........:  5.0000000000102347e-015   5.0000000000102347e-015
Overall NLP error.......:  9.7323124063334299e-015   9.7810648469476279e-014


Number of objective function evaluations             = 38
Number of objective gradient evaluations             = 28
Number of equality constraint evaluations            = 38
Number of inequality constraint evaluations          = 38
Number of equality constraint Jacobian evaluations   = 28
Number of inequality constraint Jacobian evaluations = 28
Number of Lagrangian Hessian evaluations             = 27
Total CPU secs in IPOPT (w/o function evaluations)   =      0.454
Total CPU secs in NLP function evaluations           =      0.433

EXIT: Optimal Solution Found.
