
******************************************************************************
This program contains Ipopt, a library for large-scale nonlinear optimization.
 Ipopt is released as open source code under the Eclipse Public License (EPL).
         For more information visit http://projects.coin-or.org/Ipopt
******************************************************************************

This is Ipopt version 3.12.12, running with linear solver mumps.
NOTE: Other linear solvers might be more efficient (see Ipopt documentation).

Number of nonzeros in equality constraint Jacobian...:    39006
Number of nonzeros in inequality constraint Jacobian.:        1
Number of nonzeros in Lagrangian Hessian.............:        0

Total number of variables............................:    13006
                     variables with only lower bounds:        0
                variables with lower and upper bounds:     1000
                     variables with only upper bounds:        0
Total number of equality constraints.................:    12006
Total number of inequality constraints...............:        1
        inequality constraints with only lower bounds:        1
   inequality constraints with lower and upper bounds:        0
        inequality constraints with only upper bounds:        0

iter    objective    inf_pr   inf_du lg(mu)  ||d||  lg(rg) alpha_du alpha_pr  ls
   0 1.0000000e-001 1.20e+000 4.76e-004   0.0 0.00e+000    -  0.00e+000 0.00e+000   0
   1 1.9453228e-001 1.14e+000 1.49e+001  -2.2 1.00e+003    -  9.93e-001 6.03e-002h  1
   2 1.6885296e+000 8.88e-016 1.80e-008  -2.7 9.40e+002    -  1.00e+000 1.00e+000f  1
   3 1.6883606e+000 4.44e-016 6.50e-002  -4.7 3.92e-003    -  9.92e-001 1.00e+000f  1
   4 1.6824131e+000 1.14e-013 4.20e-005  -5.0 1.03e-001    -  9.99e-001 1.00e+000f  1
   5 1.6731806e+000 2.27e-013 3.39e-003  -6.0 2.63e-001    -  7.80e-001 9.84e-001f  1
   6 1.6722824e+000 2.27e-013 8.67e-004  -5.8 1.73e-001    -  9.93e-001 9.01e-001f  1
   7 1.6714200e+000 1.14e-013 1.97e-004  -6.2 1.74e-001    -  9.91e-001 9.51e-001f  1
   8 1.6710091e+000 1.14e-013 1.23e-004  -6.6 2.13e-001    -  9.83e-001 9.06e-001f  1
   9 1.6708186e+000 2.27e-013 5.06e-005  -7.0 2.19e-001    -  9.90e-001 9.10e-001f  1
iter    objective    inf_pr   inf_du lg(mu)  ||d||  lg(rg) alpha_du alpha_pr  ls
  10 1.6707398e+000 4.44e-016 2.01e-005  -7.4 2.22e-001    -  9.94e-001 9.12e-001f  1
  11 1.6707042e+000 2.27e-013 1.89e-006  -7.8 1.95e-001    -  9.94e-001 9.74e-001f  1
  12 1.6706922e+000 2.27e-013 1.47e-005  -9.0 8.61e-002    -  9.88e-001 7.66e-001f  1
  13 1.6706877e+000 3.41e-013 9.85e-016 -10.0 5.69e-002    -  1.00e+000 1.00e+000f  1
  14 1.6706876e+000 2.27e-013 1.33e-009 -14.3 3.16e-004    -  9.99e-001 9.98e-001h  1
  15 1.6706876e+000 4.44e-016 5.55e-017 -14.3 3.16e-006    -  1.00e+000 1.00e+000h  1

Number of Iterations....: 15

                                   (scaled)                 (unscaled)
Objective...............:  1.6706875902037306e+000   1.6706875902037306e+000
Dual infeasibility......:  5.5511151231257827e-017   5.5511151231257827e-017
Constraint violation....:  4.4408920985006262e-016   4.4408920985006262e-016
Complementarity.........:  5.0004073407970454e-015   5.0004073407970454e-015
Overall NLP error.......:  5.0004073407970454e-015   5.0004073407970454e-015


Number of objective function evaluations             = 16
Number of objective gradient evaluations             = 16
Number of equality constraint evaluations            = 16
Number of inequality constraint evaluations          = 16
Number of equality constraint Jacobian evaluations   = 16
Number of inequality constraint Jacobian evaluations = 16
Number of Lagrangian Hessian evaluations             = 15
Total CPU secs in IPOPT (w/o function evaluations)   =      5.978
Total CPU secs in NLP function evaluations           =      0.359

EXIT: Optimal Solution Found.
